===== 실행 시간 기록 시작 =====
실행 시작 시간: Fri Apr 25 12:14:17 UTC 2025
------------------------------------
경로: python fizz_coarse/fizz_coarse.py --input_path data/data_aggrefact/aggre_fact_xsum_sota.json --output_path results_coarse/xsum_tune/coarse_wr0_wb1_wc0_wm1_ww0.json --doc_label document --summary_label claim --label_label label --score_column FIZZ_score --model_name orca2 --granularity 3G --cuda_device 5 --weight_rouge 0.0 --weight_bert 1.0 --weight_contradiction 0 --weight_min 1.0 --weight_mean 0.0
실행 시간: 14260초
------------------------------------
경로: python fizz_coarse/fizz_coarse.py --input_path data/data_aggrefact/aggre_fact_xsum_sota.json --output_path results_coarse/xsum_tune/coarse_wr0_wb1_wc0_wm0_ww1.json --doc_label document --summary_label claim --label_label label --score_column FIZZ_score --model_name orca2 --granularity 3G --cuda_device 5 --weight_rouge 0.0 --weight_bert 1.0 --weight_contradiction 0 --weight_min 0.0 --weight_mean 1.0
실행 시간: 14097초
------------------------------------
경로: python fizz_coarse/fizz_coarse.py --input_path data/data_aggrefact/aggre_fact_xsum_sota.json --output_path results_coarse/xsum_tune/coarse_wr0_wb1_wc0_wm0p5_ww0p5.json --doc_label document --summary_label claim --label_label label --score_column FIZZ_score --model_name orca2 --granularity 3G --cuda_device 5 --weight_rouge 0.0 --weight_bert 1.0 --weight_contradiction 0 --weight_min 0.5 --weight_mean 0.5
실행 시간: 14274초
------------------------------------
경로: python fizz_coarse/fizz_coarse.py --input_path data/data_aggrefact/aggre_fact_xsum_sota.json --output_path results_coarse/xsum_tune/coarse_wr0p5_wb0p5_wc0_wm1_ww0.json --doc_label document --summary_label claim --label_label label --score_column FIZZ_score --model_name orca2 --granularity 3G --cuda_device 5 --weight_rouge 0.5 --weight_bert 0.5 --weight_contradiction 0 --weight_min 1.0 --weight_mean 0.0
실행 시간: 14510초
------------------------------------
경로: python fizz_coarse/fizz_coarse.py --input_path data/data_aggrefact/aggre_fact_xsum_sota.json --output_path results_coarse/xsum_tune/coarse_wr0p5_wb0p5_wc0_wm0_ww1.json --doc_label document --summary_label claim --label_label label --score_column FIZZ_score --model_name orca2 --granularity 3G --cuda_device 5 --weight_rouge 0.5 --weight_bert 0.5 --weight_contradiction 0 --weight_min 0.0 --weight_mean 1.0
실행 시간: 15057초
------------------------------------
경로: python fizz_coarse/fizz_coarse.py --input_path data/data_aggrefact/aggre_fact_xsum_sota.json --output_path results_coarse/xsum_tune/coarse_wr0p5_wb0p5_wc0_wm0p5_ww0p5.json --doc_label document --summary_label claim --label_label label --score_column FIZZ_score --model_name orca2 --granularity 3G --cuda_device 5 --weight_rouge 0.5 --weight_bert 0.5 --weight_contradiction 0 --weight_min 0.5 --weight_mean 0.5
실행 시간: 14795초
------------------------------------
모든 스크립트 실행 완료!
전체 종료 시간: Sat Apr 26 12:24:11 UTC 2025
===== 실행 시간 기록 종료 =====
